mode: atomic
github.com/kierank/herald/web/handlers.go:22.70,27.24 3 0
github.com/kierank/herald/web/handlers.go:27.24,29.3 1 0
github.com/kierank/herald/web/handlers.go:31.2,46.70 2 0
github.com/kierank/herald/web/handlers.go:46.70,49.3 2 0
github.com/kierank/herald/web/handlers.go:52.73,54.16 2 0
github.com/kierank/herald/web/handlers.go:54.16,57.3 2 0
github.com/kierank/herald/web/handlers.go:58.2,59.14 2 0
github.com/kierank/herald/web/handlers.go:80.89,84.16 3 0
github.com/kierank/herald/web/handlers.go:84.16,85.36 1 0
github.com/kierank/herald/web/handlers.go:85.36,88.4 2 0
github.com/kierank/herald/web/handlers.go:89.3,91.9 3 0
github.com/kierank/herald/web/handlers.go:94.2,95.16 2 0
github.com/kierank/herald/web/handlers.go:95.16,99.3 3 0
github.com/kierank/herald/web/handlers.go:102.2,103.30 2 0
github.com/kierank/herald/web/handlers.go:103.30,105.3 1 0
github.com/kierank/herald/web/handlers.go:106.2,107.16 2 0
github.com/kierank/herald/web/handlers.go:107.16,111.3 3 0
github.com/kierank/herald/web/handlers.go:113.2,117.30 4 0
github.com/kierank/herald/web/handlers.go:117.30,121.15 3 0
github.com/kierank/herald/web/handlers.go:121.15,123.4 1 0
github.com/kierank/herald/web/handlers.go:126.3,137.24 3 0
github.com/kierank/herald/web/handlers.go:137.24,138.76 1 0
github.com/kierank/herald/web/handlers.go:138.76,140.5 1 0
github.com/kierank/herald/web/handlers.go:144.2,146.18 3 0
github.com/kierank/herald/web/handlers.go:146.18,147.32 1 0
github.com/kierank/herald/web/handlers.go:147.32,149.4 1 0
github.com/kierank/herald/web/handlers.go:150.3,150.20 1 0
github.com/kierank/herald/web/handlers.go:153.2,154.40 2 0
github.com/kierank/herald/web/handlers.go:154.40,156.3 1 0
github.com/kierank/herald/web/handlers.go:158.2,167.69 2 0
github.com/kierank/herald/web/handlers.go:167.69,170.3 2 0
github.com/kierank/herald/web/handlers.go:198.108,202.16 3 0
github.com/kierank/herald/web/handlers.go:202.16,203.36 1 0
github.com/kierank/herald/web/handlers.go:203.36,206.4 2 0
github.com/kierank/herald/web/handlers.go:207.3,209.9 3 0
github.com/kierank/herald/web/handlers.go:212.2,213.16 2 0
github.com/kierank/herald/web/handlers.go:213.16,214.36 1 0
github.com/kierank/herald/web/handlers.go:214.36,217.4 2 0
github.com/kierank/herald/web/handlers.go:218.3,220.9 3 0
github.com/kierank/herald/web/handlers.go:223.2,225.16 3 0
github.com/kierank/herald/web/handlers.go:225.16,229.3 3 0
github.com/kierank/herald/web/handlers.go:231.2,231.29 1 0
github.com/kierank/herald/web/handlers.go:231.29,233.17 2 0
github.com/kierank/herald/web/handlers.go:233.17,234.12 1 0
github.com/kierank/herald/web/handlers.go:236.3,236.34 1 0
github.com/kierank/herald/web/handlers.go:236.34,244.24 2 0
github.com/kierank/herald/web/handlers.go:244.24,246.5 1 0
github.com/kierank/herald/web/handlers.go:247.4,247.23 1 0
github.com/kierank/herald/web/handlers.go:247.23,249.5 1 0
github.com/kierank/herald/web/handlers.go:250.4,250.32 1 0
github.com/kierank/herald/web/handlers.go:254.2,254.40 1 0
github.com/kierank/herald/web/handlers.go:254.40,256.3 1 0
github.com/kierank/herald/web/handlers.go:258.2,258.31 1 0
github.com/kierank/herald/web/handlers.go:258.31,260.3 1 0
github.com/kierank/herald/web/handlers.go:263.2,264.29 2 0
github.com/kierank/herald/web/handlers.go:264.29,266.3 1 0
github.com/kierank/herald/web/handlers.go:268.2,281.23 4 0
github.com/kierank/herald/web/handlers.go:281.23,287.60 4 0
github.com/kierank/herald/web/handlers.go:287.60,290.4 2 0
github.com/kierank/herald/web/handlers.go:293.3,293.68 1 0
github.com/kierank/herald/web/handlers.go:293.68,294.84 1 0
github.com/kierank/herald/web/handlers.go:294.84,297.5 2 0
github.com/kierank/herald/web/handlers.go:301.2,304.18 4 0
github.com/kierank/herald/web/handlers.go:327.109,331.16 3 0
github.com/kierank/herald/web/handlers.go:331.16,332.36 1 0
github.com/kierank/herald/web/handlers.go:332.36,335.4 2 0
github.com/kierank/herald/web/handlers.go:336.3,338.9 3 0
github.com/kierank/herald/web/handlers.go:341.2,342.16 2 0
github.com/kierank/herald/web/handlers.go:342.16,343.36 1 0
github.com/kierank/herald/web/handlers.go:343.36,346.4 2 0
github.com/kierank/herald/web/handlers.go:347.3,349.9 3 0
github.com/kierank/herald/web/handlers.go:352.2,354.16 3 0
github.com/kierank/herald/web/handlers.go:354.16,358.3 3 0
github.com/kierank/herald/web/handlers.go:360.2,360.29 1 0
github.com/kierank/herald/web/handlers.go:360.29,362.17 2 0
github.com/kierank/herald/web/handlers.go:362.17,363.12 1 0
github.com/kierank/herald/web/handlers.go:365.3,365.34 1 0
github.com/kierank/herald/web/handlers.go:365.34,373.24 2 0
github.com/kierank/herald/web/handlers.go:373.24,375.5 1 0
github.com/kierank/herald/web/handlers.go:376.4,376.23 1 0
github.com/kierank/herald/web/handlers.go:376.23,378.5 1 0
github.com/kierank/herald/web/handlers.go:379.4,379.32 1 0
github.com/kierank/herald/web/handlers.go:383.2,383.40 1 0
github.com/kierank/herald/web/handlers.go:383.40,385.3 1 0
github.com/kierank/herald/web/handlers.go:387.2,387.31 1 0
github.com/kierank/herald/web/handlers.go:387.31,389.3 1 0
github.com/kierank/herald/web/handlers.go:392.2,393.29 2 0
github.com/kierank/herald/web/handlers.go:393.29,395.3 1 0
github.com/kierank/herald/web/handlers.go:397.2,408.23 4 0
github.com/kierank/herald/web/handlers.go:408.23,414.60 4 0
github.com/kierank/herald/web/handlers.go:414.60,417.4 2 0
github.com/kierank/herald/web/handlers.go:420.3,420.68 1 0
github.com/kierank/herald/web/handlers.go:420.68,421.84 1 0
github.com/kierank/herald/web/handlers.go:421.84,424.5 2 0
github.com/kierank/herald/web/handlers.go:428.2,430.18 3 0
github.com/kierank/herald/web/handlers.go:433.101,437.16 3 0
github.com/kierank/herald/web/handlers.go:437.16,438.36 1 0
github.com/kierank/herald/web/handlers.go:438.36,441.4 2 0
github.com/kierank/herald/web/handlers.go:442.3,444.9 3 0
github.com/kierank/herald/web/handlers.go:447.2,448.16 2 0
github.com/kierank/herald/web/handlers.go:448.16,449.36 1 0
github.com/kierank/herald/web/handlers.go:449.36,452.4 2 0
github.com/kierank/herald/web/handlers.go:453.3,455.9 3 0
github.com/kierank/herald/web/handlers.go:458.2,459.30 2 0
github.com/kierank/herald/web/handlers.go:471.93,475.16 3 0
github.com/kierank/herald/web/handlers.go:475.16,476.36 1 0
github.com/kierank/herald/web/handlers.go:476.36,479.4 2 0
github.com/kierank/herald/web/handlers.go:480.3,482.9 3 0
github.com/kierank/herald/web/handlers.go:485.2,486.16 2 0
github.com/kierank/herald/web/handlers.go:486.16,490.3 3 0
github.com/kierank/herald/web/handlers.go:492.2,493.40 2 0
github.com/kierank/herald/web/handlers.go:493.40,495.3 1 0
github.com/kierank/herald/web/handlers.go:497.2,503.76 2 0
github.com/kierank/herald/web/handlers.go:503.76,506.3 2 0
github.com/kierank/herald/web/handlers.go:509.94,512.38 2 0
github.com/kierank/herald/web/handlers.go:512.38,515.3 2 0
github.com/kierank/herald/web/handlers.go:517.2,518.50 2 0
github.com/kierank/herald/web/handlers.go:518.50,521.3 2 0
github.com/kierank/herald/web/handlers.go:523.2,524.16 2 0
github.com/kierank/herald/web/handlers.go:524.16,525.36 1 0
github.com/kierank/herald/web/handlers.go:525.36,528.4 2 0
github.com/kierank/herald/web/handlers.go:529.3,531.9 3 0
github.com/kierank/herald/web/handlers.go:534.2,536.28 2 0
github.com/kierank/herald/web/handlers.go:536.28,537.63 1 0
github.com/kierank/herald/web/handlers.go:537.63,541.4 3 0
github.com/kierank/herald/web/handlers.go:542.3,543.85 2 0
github.com/kierank/herald/web/handlers.go:544.8,545.61 1 0
github.com/kierank/herald/web/handlers.go:545.61,549.4 3 0
github.com/kierank/herald/web/handlers.go:550.3,551.55 2 0
github.com/kierank/herald/web/handlers.go:554.2,554.56 1 0
github.com/kierank/herald/web/handlers.go:554.56,556.3 1 0
github.com/kierank/herald/web/handlers.go:558.2,563.76 2 0
github.com/kierank/herald/web/handlers.go:563.76,566.3 2 0
github.com/kierank/herald/web/handlers.go:569.90,570.32 1 0
github.com/kierank/herald/web/handlers.go:570.32,572.3 1 0
github.com/kierank/herald/web/handlers.go:572.8,572.40 1 0
github.com/kierank/herald/web/handlers.go:572.40,574.3 1 0
github.com/kierank/herald/web/handlers.go:574.8,576.3 1 0
github.com/kierank/herald/web/handlers.go:579.42,580.22 1 0
github.com/kierank/herald/web/handlers.go:580.22,582.3 1 0
github.com/kierank/herald/web/handlers.go:585.2,585.48 1 0
github.com/kierank/herald/web/handlers.go:585.48,587.3 1 0
github.com/kierank/herald/web/handlers.go:588.2,588.49 1 0
github.com/kierank/herald/web/handlers.go:588.49,590.3 1 0
github.com/kierank/herald/web/handlers.go:592.2,592.15 1 0
github.com/kierank/herald/web/handlers.go:595.44,598.20 2 0
github.com/kierank/herald/web/handlers.go:598.20,600.3 1 0
github.com/kierank/herald/web/handlers.go:603.2,603.42 1 0
github.com/kierank/herald/web/handlers.go:603.42,604.25 1 0
github.com/kierank/herald/web/handlers.go:604.25,606.4 1 0
github.com/kierank/herald/web/handlers.go:609.2,609.17 1 0
github.com/kierank/herald/web/handlers.go:612.68,618.68 3 0
github.com/kierank/herald/web/handlers.go:618.68,621.3 2 0
github.com/kierank/herald/web/handlers.go:624.102,633.68 3 0
github.com/kierank/herald/web/handlers.go:633.68,636.3 2 0
github.com/kierank/herald/web/metrics.go:25.28,29.2 1 0
github.com/kierank/herald/web/metrics.go:53.46,73.2 3 0
github.com/kierank/herald/web/metrics.go:76.72,77.32 1 0
github.com/kierank/herald/web/metrics.go:77.32,80.3 2 0
github.com/kierank/herald/web/metrics.go:82.2,87.60 4 0
github.com/kierank/herald/web/metrics.go:87.60,90.3 2 0
github.com/kierank/herald/web/metrics.go:94.71,95.32 1 0
github.com/kierank/herald/web/metrics.go:95.32,98.3 2 0
github.com/kierank/herald/web/metrics.go:101.2,109.60 4 0
github.com/kierank/herald/web/metrics.go:109.60,112.3 2 0
github.com/kierank/herald/web/server.go:38.118,51.2 2 0
github.com/kierank/herald/web/server.go:53.60,66.12 7 0
github.com/kierank/herald/web/server.go:66.12,69.3 2 0
github.com/kierank/herald/web/server.go:71.2,73.33 3 0
github.com/kierank/herald/web/server.go:73.33,75.3 1 0
github.com/kierank/herald/web/server.go:76.2,76.12 1 0
github.com/kierank/herald/web/server.go:79.70,80.71 1 0
github.com/kierank/herald/web/server.go:80.71,82.17 2 0
github.com/kierank/herald/web/server.go:82.17,84.4 1 0
github.com/kierank/herald/web/server.go:86.3,86.31 1 0
github.com/kierank/herald/web/server.go:86.31,91.4 4 0
github.com/kierank/herald/web/server.go:93.3,93.23 1 0
github.com/kierank/herald/web/server.go:97.68,98.71 1 0
github.com/kierank/herald/web/server.go:98.71,120.28 9 0
github.com/kierank/herald/web/server.go:120.28,122.4 1 0
github.com/kierank/herald/web/server.go:131.57,134.2 2 0
github.com/kierank/herald/web/server.go:136.71,139.16 2 0
github.com/kierank/herald/web/server.go:139.16,142.3 2 0
github.com/kierank/herald/web/server.go:144.2,146.50 2 0
github.com/kierank/herald/web/server.go:146.50,149.3 2 0
github.com/kierank/herald/web/server.go:151.2,151.20 1 0
github.com/kierank/herald/web/server.go:152.9,153.31 1 0
github.com/kierank/herald/web/server.go:154.9,156.42 1 0
github.com/kierank/herald/web/server.go:156.42,161.4 3 0
github.com/kierank/herald/web/server.go:161.9,161.50 1 0
github.com/kierank/herald/web/server.go:161.50,166.4 3 0
github.com/kierank/herald/web/server.go:166.9,169.4 1 0
github.com/kierank/herald/web/server.go:170.10,171.20 1 0
github.com/kierank/herald/ssh/commands.go:31.118,33.19 2 0
github.com/kierank/herald/ssh/commands.go:33.19,35.3 1 0
github.com/kierank/herald/ssh/commands.go:37.2,39.16 2 0
github.com/kierank/herald/ssh/commands.go:40.12,41.32 1 0
github.com/kierank/herald/ssh/commands.go:42.13,43.19 1 0
github.com/kierank/herald/ssh/commands.go:43.19,46.4 2 0
github.com/kierank/herald/ssh/commands.go:47.3,47.41 1 0
github.com/kierank/herald/ssh/commands.go:48.12,49.19 1 0
github.com/kierank/herald/ssh/commands.go:49.19,52.4 2 0
github.com/kierank/herald/ssh/commands.go:53.3,53.40 1 0
github.com/kierank/herald/ssh/commands.go:54.18,55.19 1 0
github.com/kierank/herald/ssh/commands.go:55.19,58.4 2 0
github.com/kierank/herald/ssh/commands.go:59.3,59.46 1 0
github.com/kierank/herald/ssh/commands.go:60.20,61.19 1 0
github.com/kierank/herald/ssh/commands.go:61.19,64.4 2 0
github.com/kierank/herald/ssh/commands.go:65.3,65.48 1 0
github.com/kierank/herald/ssh/commands.go:66.13,67.19 1 0
github.com/kierank/herald/ssh/commands.go:67.19,70.4 2 0
github.com/kierank/herald/ssh/commands.go:71.3,71.48 1 0
github.com/kierank/herald/ssh/commands.go:72.14,73.34 1 0
github.com/kierank/herald/ssh/commands.go:74.10,76.89 2 0
github.com/kierank/herald/ssh/commands.go:80.86,82.16 2 0
github.com/kierank/herald/ssh/commands.go:82.16,85.3 2 0
github.com/kierank/herald/ssh/commands.go:87.2,87.23 1 0
github.com/kierank/herald/ssh/commands.go:87.23,90.3 2 0
github.com/kierank/herald/ssh/commands.go:92.2,94.30 2 0
github.com/kierank/herald/ssh/commands.go:94.30,97.17 3 0
github.com/kierank/herald/ssh/commands.go:97.17,99.4 1 0
github.com/kierank/herald/ssh/commands.go:101.3,102.24 2 0
github.com/kierank/herald/ssh/commands.go:102.24,104.4 1 0
github.com/kierank/herald/ssh/commands.go:106.3,110.4 1 0
github.com/kierank/herald/ssh/commands.go:114.104,116.16 2 0
github.com/kierank/herald/ssh/commands.go:116.16,119.3 2 0
github.com/kierank/herald/ssh/commands.go:121.2,122.33 2 0
github.com/kierank/herald/ssh/commands.go:125.103,127.16 2 0
github.com/kierank/herald/ssh/commands.go:127.16,130.3 2 0
github.com/kierank/herald/ssh/commands.go:132.2,132.63 1 0
github.com/kierank/herald/ssh/commands.go:135.109,137.16 2 0
github.com/kierank/herald/ssh/commands.go:137.16,140.3 2 0
github.com/kierank/herald/ssh/commands.go:142.2,142.65 1 0
github.com/kierank/herald/ssh/commands.go:145.111,147.16 2 0
github.com/kierank/herald/ssh/commands.go:147.16,150.3 2 0
github.com/kierank/herald/ssh/commands.go:152.2,152.67 1 0
github.com/kierank/herald/ssh/commands.go:155.132,157.16 2 0
github.com/kierank/herald/ssh/commands.go:157.16,160.3 2 0
github.com/kierank/herald/ssh/commands.go:163.2,171.12 4 0
github.com/kierank/herald/ssh/commands.go:171.12,173.7 2 0
github.com/kierank/herald/ssh/commands.go:173.7,174.11 1 0
github.com/kierank/herald/ssh/commands.go:175.16,176.11 1 0
github.com/kierank/herald/ssh/commands.go:177.12,180.38 3 0
github.com/kierank/herald/ssh/commands.go:186.2,186.12 1 0
github.com/kierank/herald/ssh/commands.go:186.12,192.3 2 0
github.com/kierank/herald/ssh/commands.go:195.2,199.20 4 0
github.com/kierank/herald/ssh/commands.go:199.20,202.3 2 0
github.com/kierank/herald/ssh/commands.go:204.2,204.20 1 0
github.com/kierank/herald/ssh/commands.go:204.20,206.3 1 0
github.com/kierank/herald/ssh/commands.go:206.8,208.3 1 0
github.com/kierank/herald/ssh/commands.go:211.88,213.16 2 0
github.com/kierank/herald/ssh/commands.go:213.16,216.3 2 0
github.com/kierank/herald/ssh/commands.go:218.2,218.20 1 0
github.com/kierank/herald/ssh/commands.go:218.20,221.3 2 0
github.com/kierank/herald/ssh/commands.go:223.2,225.25 2 0
github.com/kierank/herald/ssh/commands.go:225.25,227.35 2 0
github.com/kierank/herald/ssh/commands.go:228.16,229.27 1 0
github.com/kierank/herald/ssh/commands.go:230.15,231.29 1 0
github.com/kierank/herald/ssh/commands.go:234.3,239.4 2 0
github.com/kierank/herald/ssh/commands.go:243.45,247.14 3 0
github.com/kierank/herald/ssh/commands.go:247.14,249.3 1 0
github.com/kierank/herald/ssh/commands.go:251.2,251.24 1 0
github.com/kierank/herald/ssh/commands.go:251.24,253.3 1 0
github.com/kierank/herald/ssh/commands.go:254.2,254.22 1 0
github.com/kierank/herald/ssh/commands.go:254.22,257.3 2 0
github.com/kierank/herald/ssh/commands.go:258.2,258.25 1 0
github.com/kierank/herald/ssh/commands.go:258.25,261.3 2 0
github.com/kierank/herald/ssh/commands.go:263.2,264.39 2 0
github.com/kierank/herald/ssh/scp.go:29.76,31.9 2 0
github.com/kierank/herald/ssh/scp.go:31.9,33.3 1 0
github.com/kierank/herald/ssh/scp.go:35.2,36.16 2 0
github.com/kierank/herald/ssh/scp.go:36.16,38.3 1 0
github.com/kierank/herald/ssh/scp.go:40.2,41.30 2 0
github.com/kierank/herald/ssh/scp.go:41.30,43.59 2 0
github.com/kierank/herald/ssh/scp.go:43.59,45.4 1 0
github.com/kierank/herald/ssh/scp.go:47.2,47.21 1 0
github.com/kierank/herald/ssh/scp.go:50.83,52.9 2 0
github.com/kierank/herald/ssh/scp.go:52.9,54.3 1 0
github.com/kierank/herald/ssh/scp.go:56.2,57.16 2 0
github.com/kierank/herald/ssh/scp.go:57.16,59.3 1 0
github.com/kierank/herald/ssh/scp.go:61.2,61.30 1 0
github.com/kierank/herald/ssh/scp.go:61.30,63.76 2 0
github.com/kierank/herald/ssh/scp.go:63.76,65.4 1 0
github.com/kierank/herald/ssh/scp.go:67.2,67.12 1 0
github.com/kierank/herald/ssh/scp.go:70.85,72.2 1 0
github.com/kierank/herald/ssh/scp.go:74.101,76.9 2 0
github.com/kierank/herald/ssh/scp.go:76.9,78.3 1 0
github.com/kierank/herald/ssh/scp.go:80.2,81.16 2 0
github.com/kierank/herald/ssh/scp.go:81.16,83.3 1 0
github.com/kierank/herald/ssh/scp.go:85.2,96.24 3 0
github.com/kierank/herald/ssh/scp.go:99.70,101.2 1 0
github.com/kierank/herald/ssh/scp.go:103.80,107.9 3 0
github.com/kierank/herald/ssh/scp.go:107.9,109.3 1 0
github.com/kierank/herald/ssh/scp.go:112.2,112.58 1 0
github.com/kierank/herald/ssh/scp.go:112.58,114.3 1 0
github.com/kierank/herald/ssh/scp.go:117.2,117.28 1 0
github.com/kierank/herald/ssh/scp.go:117.28,119.3 1 0
github.com/kierank/herald/ssh/scp.go:121.2,122.38 2 0
github.com/kierank/herald/ssh/scp.go:122.38,124.3 1 0
github.com/kierank/herald/ssh/scp.go:126.2,127.16 2 0
github.com/kierank/herald/ssh/scp.go:127.16,129.3 1 0
github.com/kierank/herald/ssh/scp.go:131.2,132.16 2 0
github.com/kierank/herald/ssh/scp.go:132.16,134.3 1 0
github.com/kierank/herald/ssh/scp.go:136.2,136.48 1 0
github.com/kierank/herald/ssh/scp.go:136.48,138.3 1 0
github.com/kierank/herald/ssh/scp.go:140.2,143.61 2 0
github.com/kierank/herald/ssh/scp.go:143.61,145.3 1 0
github.com/kierank/herald/ssh/scp.go:147.2,148.16 2 0
github.com/kierank/herald/ssh/scp.go:148.16,150.3 1 0
github.com/kierank/herald/ssh/scp.go:153.2,154.16 2 0
github.com/kierank/herald/ssh/scp.go:154.16,156.3 1 0
github.com/kierank/herald/ssh/scp.go:157.2,159.71 2 0
github.com/kierank/herald/ssh/scp.go:159.71,161.3 1 0
github.com/kierank/herald/ssh/scp.go:161.8,163.3 1 0
github.com/kierank/herald/ssh/scp.go:165.2,166.16 2 0
github.com/kierank/herald/ssh/scp.go:166.16,168.3 1 0
github.com/kierank/herald/ssh/scp.go:170.2,170.36 1 0
github.com/kierank/herald/ssh/scp.go:170.36,171.87 1 0
github.com/kierank/herald/ssh/scp.go:171.87,173.4 1 0
github.com/kierank/herald/ssh/scp.go:176.2,176.36 1 0
github.com/kierank/herald/ssh/scp.go:176.36,178.3 1 0
github.com/kierank/herald/ssh/scp.go:180.2,181.33 2 0
github.com/kierank/herald/ssh/scp.go:184.59,186.2 1 0
github.com/kierank/herald/ssh/scp.go:192.46,192.71 1 0
github.com/kierank/herald/ssh/scp.go:193.46,193.82 1 0
github.com/kierank/herald/ssh/scp.go:194.46,194.61 1 0
github.com/kierank/herald/ssh/scp.go:195.46,195.72 1 0
github.com/kierank/herald/ssh/scp.go:196.46,196.62 1 0
github.com/kierank/herald/ssh/scp.go:197.46,197.60 1 0
github.com/kierank/herald/ssh/scp.go:203.54,203.78 1 0
github.com/kierank/herald/ssh/scp.go:204.54,204.70 1 0
github.com/kierank/herald/ssh/scp.go:205.54,205.78 1 0
github.com/kierank/herald/ssh/scp.go:206.54,206.76 1 0
github.com/kierank/herald/ssh/server.go:39.98,47.2 1 0
github.com/kierank/herald/ssh/server.go:49.60,50.42 1 0
github.com/kierank/herald/ssh/server.go:50.42,52.3 1 0
github.com/kierank/herald/ssh/server.go:54.2,71.16 3 0
github.com/kierank/herald/ssh/server.go:71.16,73.3 1 0
github.com/kierank/herald/ssh/server.go:75.2,78.12 3 0
github.com/kierank/herald/ssh/server.go:78.12,80.3 1 0
github.com/kierank/herald/ssh/server.go:82.2,82.9 1 0
github.com/kierank/herald/ssh/server.go:83.20,87.91 4 0
github.com/kierank/herald/ssh/server.go:87.91,89.4 1 0
github.com/kierank/herald/ssh/server.go:90.3,90.13 1 0
github.com/kierank/herald/ssh/server.go:91.22,92.42 1 0
github.com/kierank/herald/ssh/server.go:92.42,94.4 1 0
github.com/kierank/herald/ssh/server.go:95.3,95.13 1 0
github.com/kierank/herald/ssh/server.go:99.76,104.54 3 0
github.com/kierank/herald/ssh/server.go:104.54,107.3 2 0
github.com/kierank/herald/ssh/server.go:109.2,109.25 1 0
github.com/kierank/herald/ssh/server.go:109.25,111.39 2 0
github.com/kierank/herald/ssh/server.go:111.39,112.22 1 0
github.com/kierank/herald/ssh/server.go:112.22,114.10 2 0
github.com/kierank/herald/ssh/server.go:117.3,117.15 1 0
github.com/kierank/herald/ssh/server.go:117.15,120.4 2 0
github.com/kierank/herald/ssh/server.go:123.2,124.16 2 0
github.com/kierank/herald/ssh/server.go:124.16,127.3 2 0
github.com/kierank/herald/ssh/server.go:129.2,132.13 4 0
github.com/kierank/herald/ssh/server.go:135.66,136.32 1 0
github.com/kierank/herald/ssh/server.go:136.32,141.10 4 0
github.com/kierank/herald/ssh/server.go:141.10,144.4 2 0
github.com/kierank/herald/ssh/server.go:147.3,147.20 1 0
github.com/kierank/herald/ssh/server.go:147.20,150.4 2 0
github.com/kierank/herald/ssh/server.go:153.3,153.38 1 0
github.com/kierank/herald/ssh/server.go:153.38,157.4 3 0
github.com/kierank/herald/ssh/server.go:160.3,160.60 1 0
github.com/kierank/herald/ssh/server.go:164.68,178.2 13 0
github.com/kierank/herald/ssh/server.go:180.40,181.54 1 0
github.com/kierank/herald/ssh/server.go:181.54,183.3 1 0
github.com/kierank/herald/ssh/server.go:183.8,183.44 1 0
github.com/kierank/herald/ssh/server.go:183.44,185.3 1 0
github.com/kierank/herald/ssh/server.go:187.2,190.16 3 0
github.com/kierank/herald/ssh/server.go:190.16,192.3 1 0
github.com/kierank/herald/ssh/server.go:194.2,195.16 2 0
github.com/kierank/herald/ssh/server.go:195.16,197.3 1 0
github.com/kierank/herald/ssh/server.go:199.2,200.72 2 0
github.com/kierank/herald/ssh/server.go:200.72,202.3 1 0
github.com/kierank/herald/ssh/server.go:204.2,204.12 1 0
github.com/kierank/herald/ssh/sftp.go:18.98,19.29 1 0
github.com/kierank/herald/ssh/sftp.go:19.29,21.10 2 0
github.com/kierank/herald/ssh/sftp.go:21.10,24.4 2 0
github.com/kierank/herald/ssh/sftp.go:26.3,41.43 3 0
github.com/kierank/herald/ssh/sftp.go:41.43,43.4 1 0
github.com/kierank/herald/ssh/sftp.go:43.9,43.24 1 0
github.com/kierank/herald/ssh/sftp.go:43.24,45.4 1 0
github.com/kierank/herald/ssh/sftp.go:58.70,60.39 2 0
github.com/kierank/herald/ssh/sftp.go:60.39,62.3 1 0
github.com/kierank/herald/ssh/sftp.go:64.2,65.16 2 0
github.com/kierank/herald/ssh/sftp.go:65.16,67.3 1 0
github.com/kierank/herald/ssh/sftp.go:69.2,69.55 1 0
github.com/kierank/herald/ssh/sftp.go:73.71,75.39 2 0
github.com/kierank/herald/ssh/sftp.go:75.39,77.3 1 0
github.com/kierank/herald/ssh/sftp.go:79.2,79.42 1 0
github.com/kierank/herald/ssh/sftp.go:79.42,81.3 1 0
github.com/kierank/herald/ssh/sftp.go:83.2,89.8 2 0
github.com/kierank/herald/ssh/sftp.go:93.54,96.18 2 0
github.com/kierank/herald/ssh/sftp.go:97.17,99.13 1 0
github.com/kierank/herald/ssh/sftp.go:100.16,101.40 1 0
github.com/kierank/herald/ssh/sftp.go:101.40,103.4 1 0
github.com/kierank/herald/ssh/sftp.go:104.3,104.72 1 0
github.com/kierank/herald/ssh/sftp.go:105.16,106.44 1 0
github.com/kierank/herald/ssh/sftp.go:107.24,108.49 1 0
github.com/kierank/herald/ssh/sftp.go:109.10,110.36 1 0
github.com/kierank/herald/ssh/sftp.go:115.72,116.18 1 0
github.com/kierank/herald/ssh/sftp.go:117.14,119.17 2 0
github.com/kierank/herald/ssh/sftp.go:119.17,121.4 1 0
github.com/kierank/herald/ssh/sftp.go:122.3,123.31 2 0
github.com/kierank/herald/ssh/sftp.go:123.31,125.4 1 0
github.com/kierank/herald/ssh/sftp.go:126.3,126.30 1 0
github.com/kierank/herald/ssh/sftp.go:127.14,129.59 2 0
github.com/kierank/herald/ssh/sftp.go:129.59,132.4 1 0
github.com/kierank/herald/ssh/sftp.go:133.3,134.17 2 0
github.com/kierank/herald/ssh/sftp.go:134.17,136.4 1 0
github.com/kierank/herald/ssh/sftp.go:137.3,137.50 1 0
github.com/kierank/herald/ssh/sftp.go:138.10,139.41 1 0
github.com/kierank/herald/ssh/sftp.go:149.66,152.28 2 0
github.com/kierank/herald/ssh/sftp.go:152.28,156.3 3 0
github.com/kierank/herald/ssh/sftp.go:157.2,158.20 2 0
github.com/kierank/herald/ssh/sftp.go:161.38,165.16 3 0
github.com/kierank/herald/ssh/sftp.go:165.16,167.3 1 0
github.com/kierank/herald/ssh/sftp.go:169.2,169.48 1 0
github.com/kierank/herald/ssh/sftp.go:169.48,171.3 1 0
github.com/kierank/herald/ssh/sftp.go:173.2,174.16 2 0
github.com/kierank/herald/ssh/sftp.go:174.16,176.3 1 0
github.com/kierank/herald/ssh/sftp.go:178.2,179.89 2 0
github.com/kierank/herald/ssh/sftp.go:179.89,181.3 1 0
github.com/kierank/herald/ssh/sftp.go:183.2,184.16 2 0
github.com/kierank/herald/ssh/sftp.go:184.16,186.3 1 0
github.com/kierank/herald/ssh/sftp.go:188.2,188.36 1 0
github.com/kierank/herald/ssh/sftp.go:188.36,189.89 1 0
github.com/kierank/herald/ssh/sftp.go:189.89,191.4 1 0
github.com/kierank/herald/ssh/sftp.go:194.2,195.12 2 0
github.com/kierank/herald/ssh/sftp.go:202.66,203.31 1 0
github.com/kierank/herald/ssh/sftp.go:203.31,205.3 1 0
github.com/kierank/herald/ssh/sftp.go:206.2,207.16 2 0
github.com/kierank/herald/ssh/sftp.go:207.16,209.3 1 0
github.com/kierank/herald/ssh/sftp.go:210.2,210.15 1 0
github.com/kierank/herald/ssh/sftp.go:215.71,216.29 1 0
github.com/kierank/herald/ssh/sftp.go:216.29,218.3 1 0
github.com/kierank/herald/ssh/sftp.go:219.2,220.17 2 0
github.com/kierank/herald/ssh/sftp.go:220.17,222.3 1 0
github.com/kierank/herald/ssh/sftp.go:223.2,223.15 1 0
github.com/kierank/herald/ssh/sftp.go:228.39,228.53 1 0
github.com/kierank/herald/ssh/sftp.go:229.39,229.51 1 0
github.com/kierank/herald/ssh/sftp.go:230.39,230.67 1 0
github.com/kierank/herald/ssh/sftp.go:231.39,231.60 1 0
github.com/kierank/herald/ssh/sftp.go:232.39,232.54 1 0
github.com/kierank/herald/ssh/sftp.go:233.39,233.53 1 0
github.com/kierank/herald/scheduler/fetch.go:36.68,42.21 2 0
github.com/kierank/herald/scheduler/fetch.go:42.21,44.3 1 0
github.com/kierank/herald/scheduler/fetch.go:46.2,50.16 4 0
github.com/kierank/herald/scheduler/fetch.go:50.16,53.3 2 0
github.com/kierank/herald/scheduler/fetch.go:55.2,57.47 2 0
github.com/kierank/herald/scheduler/fetch.go:57.47,59.3 1 0
github.com/kierank/herald/scheduler/fetch.go:60.2,60.63 1 0
github.com/kierank/herald/scheduler/fetch.go:60.63,62.3 1 0
github.com/kierank/herald/scheduler/fetch.go:64.2,69.16 3 0
github.com/kierank/herald/scheduler/fetch.go:69.16,72.3 2 0
github.com/kierank/herald/scheduler/fetch.go:73.2,75.47 2 0
github.com/kierank/herald/scheduler/fetch.go:75.47,77.3 1 0
github.com/kierank/herald/scheduler/fetch.go:79.2,79.38 1 0
github.com/kierank/herald/scheduler/fetch.go:79.38,82.3 2 0
github.com/kierank/herald/scheduler/fetch.go:84.2,89.16 5 0
github.com/kierank/herald/scheduler/fetch.go:89.16,92.3 2 0
github.com/kierank/herald/scheduler/fetch.go:94.2,94.53 1 0
github.com/kierank/herald/scheduler/fetch.go:94.53,96.3 1 0
github.com/kierank/herald/scheduler/fetch.go:98.2,98.40 1 0
github.com/kierank/herald/scheduler/fetch.go:98.40,105.29 2 0
github.com/kierank/herald/scheduler/fetch.go:105.29,107.4 1 0
github.com/kierank/herald/scheduler/fetch.go:109.3,109.25 1 0
github.com/kierank/herald/scheduler/fetch.go:109.25,111.4 1 0
github.com/kierank/herald/scheduler/fetch.go:111.9,111.36 1 0
github.com/kierank/herald/scheduler/fetch.go:111.36,113.4 1 0
github.com/kierank/herald/scheduler/fetch.go:115.3,115.34 1 0
github.com/kierank/herald/scheduler/fetch.go:115.34,117.4 1 0
github.com/kierank/herald/scheduler/fetch.go:117.9,117.39 1 0
github.com/kierank/herald/scheduler/fetch.go:117.39,119.4 1 0
github.com/kierank/herald/scheduler/fetch.go:121.3,121.51 1 0
github.com/kierank/herald/scheduler/fetch.go:124.2,124.15 1 0
github.com/kierank/herald/scheduler/fetch.go:127.74,132.29 4 0
github.com/kierank/herald/scheduler/fetch.go:132.29,134.3 1 0
github.com/kierank/herald/scheduler/fetch.go:135.2,137.29 2 0
github.com/kierank/herald/scheduler/fetch.go:137.29,139.35 2 0
github.com/kierank/herald/scheduler/fetch.go:139.35,142.17 3 0
github.com/kierank/herald/scheduler/fetch.go:142.17,142.32 1 0
github.com/kierank/herald/scheduler/fetch.go:143.4,143.36 1 0
github.com/kierank/herald/scheduler/fetch.go:147.2,148.16 2 0
github.com/kierank/herald/scheduler/fetch.go:155.36,157.2 1 0
github.com/kierank/herald/scheduler/scheduler.go:39.128,48.2 1 0
github.com/kierank/herald/scheduler/scheduler.go:50.48,63.6 7 0
github.com/kierank/herald/scheduler/scheduler.go:63.6,64.10 1 0
github.com/kierank/herald/scheduler/scheduler.go:65.21,67.10 2 0
github.com/kierank/herald/scheduler/scheduler.go:68.19,69.15 1 0
github.com/kierank/herald/scheduler/scheduler.go:70.26,71.30 1 0
github.com/kierank/herald/scheduler/scheduler.go:76.62,77.15 1 0
github.com/kierank/herald/scheduler/scheduler.go:77.15,78.31 1 0
github.com/kierank/herald/scheduler/scheduler.go:78.31,80.4 1 0
github.com/kierank/herald/scheduler/scheduler.go:83.2,84.16 2 0
github.com/kierank/herald/scheduler/scheduler.go:84.16,87.3 2 0
github.com/kierank/herald/scheduler/scheduler.go:88.2,88.17 1 0
github.com/kierank/herald/scheduler/scheduler.go:88.17,90.3 1 0
github.com/kierank/herald/scheduler/scheduler.go:93.47,94.15 1 0
github.com/kierank/herald/scheduler/scheduler.go:94.15,95.31 1 0
github.com/kierank/herald/scheduler/scheduler.go:95.31,97.4 1 0
github.com/kierank/herald/scheduler/scheduler.go:100.2,102.16 3 0
github.com/kierank/herald/scheduler/scheduler.go:102.16,105.3 2 0
github.com/kierank/herald/scheduler/scheduler.go:107.2,107.30 1 0
github.com/kierank/herald/scheduler/scheduler.go:107.30,108.51 1 0
github.com/kierank/herald/scheduler/scheduler.go:108.51,111.4 2 0
github.com/kierank/herald/scheduler/scheduler.go:115.78,117.16 2 0
github.com/kierank/herald/scheduler/scheduler.go:117.16,119.3 1 0
github.com/kierank/herald/scheduler/scheduler.go:121.2,122.16 2 0
github.com/kierank/herald/scheduler/scheduler.go:122.16,124.3 1 0
github.com/kierank/herald/scheduler/scheduler.go:126.2,126.21 1 0
github.com/kierank/herald/scheduler/scheduler.go:126.21,128.3 1 0
github.com/kierank/herald/scheduler/scheduler.go:130.2,133.16 3 0
github.com/kierank/herald/scheduler/scheduler.go:133.16,135.3 1 0
github.com/kierank/herald/scheduler/scheduler.go:137.2,137.18 1 0
github.com/kierank/herald/scheduler/scheduler.go:137.18,138.90 1 0
github.com/kierank/herald/scheduler/scheduler.go:138.90,140.4 1 0
github.com/kierank/herald/scheduler/scheduler.go:141.3,141.66 1 0
github.com/kierank/herald/scheduler/scheduler.go:145.2,145.33 1 0
github.com/kierank/herald/scheduler/scheduler.go:145.33,146.53 1 0
github.com/kierank/herald/scheduler/scheduler.go:146.53,147.106 1 0
github.com/kierank/herald/scheduler/scheduler.go:147.106,149.5 1 0
github.com/kierank/herald/scheduler/scheduler.go:153.2,155.16 3 0
github.com/kierank/herald/scheduler/scheduler.go:155.16,157.3 1 0
github.com/kierank/herald/scheduler/scheduler.go:159.2,159.73 1 0
github.com/kierank/herald/scheduler/scheduler.go:159.73,161.3 1 0
github.com/kierank/herald/scheduler/scheduler.go:163.2,165.22 2 0
github.com/kierank/herald/scheduler/scheduler.go:168.114,174.33 5 0
github.com/kierank/herald/scheduler/scheduler.go:174.33,175.26 1 0
github.com/kierank/herald/scheduler/scheduler.go:175.26,178.12 3 0
github.com/kierank/herald/scheduler/scheduler.go:182.3,183.37 2 0
github.com/kierank/herald/scheduler/scheduler.go:183.37,184.65 1 0
github.com/kierank/herald/scheduler/scheduler.go:184.65,185.13 1 0
github.com/kierank/herald/scheduler/scheduler.go:187.4,187.36 1 0
github.com/kierank/herald/scheduler/scheduler.go:191.3,192.17 2 0
github.com/kierank/herald/scheduler/scheduler.go:192.17,194.12 2 0
github.com/kierank/herald/scheduler/scheduler.go:198.3,199.37 2 0
github.com/kierank/herald/scheduler/scheduler.go:199.37,200.65 1 0
github.com/kierank/herald/scheduler/scheduler.go:200.65,201.13 1 0
github.com/kierank/herald/scheduler/scheduler.go:204.4,204.27 1 0
github.com/kierank/herald/scheduler/scheduler.go:204.27,211.5 1 0
github.com/kierank/herald/scheduler/scheduler.go:214.3,214.24 1 0
github.com/kierank/herald/scheduler/scheduler.go:214.24,216.22 2 0
github.com/kierank/herald/scheduler/scheduler.go:216.22,218.5 1 0
github.com/kierank/herald/scheduler/scheduler.go:219.4,224.29 2 0
github.com/kierank/herald/scheduler/scheduler.go:228.2,228.32 1 0
github.com/kierank/herald/scheduler/scheduler.go:228.32,230.3 1 0
github.com/kierank/herald/scheduler/scheduler.go:232.2,232.34 1 0
github.com/kierank/herald/scheduler/scheduler.go:235.157,243.34 3 0
github.com/kierank/herald/scheduler/scheduler.go:243.34,245.3 1 0
github.com/kierank/herald/scheduler/scheduler.go:247.2,248.16 2 0
github.com/kierank/herald/scheduler/scheduler.go:248.16,250.3 1 0
github.com/kierank/herald/scheduler/scheduler.go:252.2,253.16 2 0
github.com/kierank/herald/scheduler/scheduler.go:253.16,256.3 2 0
github.com/kierank/herald/scheduler/scheduler.go:258.2,260.16 3 0
github.com/kierank/herald/scheduler/scheduler.go:260.16,262.3 1 0
github.com/kierank/herald/scheduler/scheduler.go:262.8,264.3 1 0
github.com/kierank/herald/scheduler/scheduler.go:267.2,267.63 1 0
github.com/kierank/herald/scheduler/scheduler.go:267.63,269.3 1 0
github.com/kierank/herald/scheduler/scheduler.go:272.2,273.16 2 0
github.com/kierank/herald/scheduler/scheduler.go:273.16,275.3 1 0
github.com/kierank/herald/scheduler/scheduler.go:276.2,279.33 2 0
github.com/kierank/herald/scheduler/scheduler.go:279.33,280.26 1 0
github.com/kierank/herald/scheduler/scheduler.go:280.26,281.12 1 0
github.com/kierank/herald/scheduler/scheduler.go:283.3,283.37 1 0
github.com/kierank/herald/scheduler/scheduler.go:283.37,284.107 1 0
github.com/kierank/herald/scheduler/scheduler.go:284.107,286.5 1 0
github.com/kierank/herald/scheduler/scheduler.go:291.2,292.104 2 0
github.com/kierank/herald/scheduler/scheduler.go:292.104,294.3 1 0
github.com/kierank/herald/scheduler/scheduler.go:297.2,297.36 1 0
github.com/kierank/herald/scheduler/scheduler.go:297.36,299.3 1 0
github.com/kierank/herald/scheduler/scheduler.go:301.2,301.12 1 0
github.com/kierank/herald/scheduler/scheduler.go:304.81,308.16 3 0
github.com/kierank/herald/scheduler/scheduler.go:308.16,310.3 1 0
github.com/kierank/herald/scheduler/scheduler.go:312.2,312.21 1 0
github.com/kierank/herald/scheduler/scheduler.go:312.21,315.3 2 0
github.com/kierank/herald/scheduler/scheduler.go:317.2,320.16 3 0
github.com/kierank/herald/scheduler/scheduler.go:320.16,322.3 1 0
github.com/kierank/herald/scheduler/scheduler.go:324.2,324.18 1 0
github.com/kierank/herald/scheduler/scheduler.go:324.18,325.90 1 0
github.com/kierank/herald/scheduler/scheduler.go:325.90,327.4 1 0
github.com/kierank/herald/scheduler/scheduler.go:328.3,328.66 1 0
github.com/kierank/herald/scheduler/scheduler.go:329.8,331.3 1 0
github.com/kierank/herald/scheduler/scheduler.go:334.2,334.33 1 0
github.com/kierank/herald/scheduler/scheduler.go:334.33,335.53 1 0
github.com/kierank/herald/scheduler/scheduler.go:335.53,336.106 1 0
github.com/kierank/herald/scheduler/scheduler.go:336.106,338.5 1 0
github.com/kierank/herald/scheduler/scheduler.go:342.2,344.16 3 0
github.com/kierank/herald/scheduler/scheduler.go:344.16,346.3 1 0
github.com/kierank/herald/scheduler/scheduler.go:348.2,348.73 1 0
github.com/kierank/herald/scheduler/scheduler.go:348.73,350.3 1 0
github.com/kierank/herald/scheduler/scheduler.go:352.2,354.12 2 0
github.com/kierank/herald/email/render.go:38.13,41.16 3 0
github.com/kierank/herald/email/render.go:41.16,42.57 1 0
github.com/kierank/herald/email/render.go:44.2,45.16 2 0
github.com/kierank/herald/email/render.go:45.16,46.57 1 0
github.com/kierank/herald/email/render.go:50.88,61.60 3 0
github.com/kierank/herald/email/render.go:61.60,63.3 1 0
github.com/kierank/herald/email/render.go:65.2,65.60 1 0
github.com/kierank/herald/email/render.go:65.60,67.3 1 0
github.com/kierank/herald/email/render.go:69.2,69.48 1 0
github.com/kierank/herald/email/send.go:26.61,31.2 1 0
github.com/kierank/herald/email/send.go:34.41,38.42 3 0
github.com/kierank/herald/email/send.go:38.42,40.3 1 0
github.com/kierank/herald/email/send.go:43.2,43.23 1 0
github.com/kierank/herald/email/send.go:43.23,49.17 3 0
github.com/kierank/herald/email/send.go:49.17,51.4 1 0
github.com/kierank/herald/email/send.go:52.3,55.17 3 0
github.com/kierank/herald/email/send.go:55.17,57.4 1 0
github.com/kierank/herald/email/send.go:58.3,60.18 2 0
github.com/kierank/herald/email/send.go:60.18,61.43 1 0
github.com/kierank/herald/email/send.go:61.43,63.5 1 0
github.com/kierank/herald/email/send.go:66.3,66.23 1 0
github.com/kierank/herald/email/send.go:70.2,71.16 2 0
github.com/kierank/herald/email/send.go:71.16,73.3 1 0
github.com/kierank/herald/email/send.go:74.2,77.16 3 0
github.com/kierank/herald/email/send.go:77.16,79.3 1 0
github.com/kierank/herald/email/send.go:80.2,86.50 3 0
github.com/kierank/herald/email/send.go:86.50,88.3 1 0
github.com/kierank/herald/email/send.go:90.2,90.17 1 0
github.com/kierank/herald/email/send.go:90.17,91.42 1 0
github.com/kierank/herald/email/send.go:91.42,93.4 1 0
github.com/kierank/herald/email/send.go:96.2,96.22 1 0
github.com/kierank/herald/email/send.go:99.95,108.44 5 0
github.com/kierank/herald/email/send.go:108.44,112.25 3 0
github.com/kierank/herald/email/send.go:112.25,115.4 2 0
github.com/kierank/herald/email/send.go:117.3,117.23 1 0
github.com/kierank/herald/email/send.go:117.23,119.26 2 0
github.com/kierank/herald/email/send.go:119.26,122.5 2 0
github.com/kierank/herald/email/send.go:123.4,124.70 2 0
github.com/kierank/herald/email/send.go:127.3,129.44 3 0
github.com/kierank/herald/email/send.go:132.2,140.22 7 0
github.com/kierank/herald/email/send.go:140.22,144.3 3 0
github.com/kierank/herald/email/send.go:146.2,147.28 2 0
github.com/kierank/herald/email/send.go:147.28,149.3 1 0
github.com/kierank/herald/email/send.go:150.2,169.42 16 0
github.com/kierank/herald/email/send.go:169.42,171.3 1 0
github.com/kierank/herald/email/send.go:173.2,173.23 1 0
github.com/kierank/herald/email/send.go:173.23,175.3 1 0
github.com/kierank/herald/email/send.go:177.2,177.82 1 0
github.com/kierank/herald/email/send.go:180.45,186.2 5 0
github.com/kierank/herald/email/send.go:188.81,194.16 3 0
github.com/kierank/herald/email/send.go:194.16,196.3 1 0
github.com/kierank/herald/email/send.go:197.2,200.16 3 0
github.com/kierank/herald/email/send.go:200.16,202.3 1 0
github.com/kierank/herald/email/send.go:203.2,205.17 2 0
github.com/kierank/herald/email/send.go:205.17,206.42 1 0
github.com/kierank/herald/email/send.go:206.42,208.4 1 0
github.com/kierank/herald/email/send.go:211.2,211.47 1 0
github.com/kierank/herald/email/send.go:211.47,213.3 1 0
github.com/kierank/herald/email/send.go:215.2,215.39 1 0
github.com/kierank/herald/email/send.go:215.39,217.3 1 0
github.com/kierank/herald/email/send.go:219.2,220.16 2 0
github.com/kierank/herald/email/send.go:220.16,222.3 1 0
github.com/kierank/herald/email/send.go:224.2,224.47 1 0
github.com/kierank/herald/email/send.go:224.47,226.3 1 0
github.com/kierank/herald/email/send.go:228.2,228.33 1 0
github.com/kierank/herald/email/send.go:228.33,230.3 1 0
github.com/kierank/herald/email/send.go:232.2,232.22 1 0
github.com/kierank/herald/main.go:30.13,53.16 6 0
github.com/kierank/herald/main.go:53.16,55.3 1 0
github.com/kierank/herald/main.go:58.32,62.55 1 0
github.com/kierank/herald/main.go:62.55,64.4 1 0
github.com/kierank/herald/main.go:68.31,74.55 1 0
github.com/kierank/herald/main.go:74.55,76.21 2 0
github.com/kierank/herald/main.go:76.21,78.5 1 0
github.com/kierank/herald/main.go:80.4,80.43 1 0
github.com/kierank/herald/main.go:80.43,82.5 1 0
github.com/kierank/herald/main.go:84.4,117.73 2 0
github.com/kierank/herald/main.go:117.73,119.5 1 0
github.com/kierank/herald/main.go:121.4,122.14 2 0
github.com/kierank/herald/main.go:127.43,129.16 2 0
github.com/kierank/herald/main.go:129.16,131.3 1 0
github.com/kierank/herald/main.go:133.2,140.16 3 0
github.com/kierank/herald/main.go:140.16,142.3 1 0
github.com/kierank/herald/main.go:143.2,145.37 2 0
github.com/kierank/herald/main.go:145.37,147.3 1 0
github.com/kierank/herald/main.go:149.2,158.48 2 0
github.com/kierank/herald/main.go:158.48,160.3 1 0
github.com/kierank/herald/main.go:162.2,174.33 4 0
github.com/kierank/herald/main.go:174.33,176.46 2 0
github.com/kierank/herald/main.go:176.46,178.4 1 0
github.com/kierank/herald/main.go:178.9,180.4 1 0
github.com/kierank/herald/main.go:183.2,187.20 3 0
github.com/kierank/herald/main.go:187.20,189.3 1 0
github.com/kierank/herald/main.go:191.2,191.20 1 0
github.com/kierank/herald/main.go:191.20,193.3 1 0
github.com/kierank/herald/main.go:195.2,195.20 1 0
github.com/kierank/herald/main.go:195.20,196.16 1 0
github.com/kierank/herald/main.go:196.16,197.32 1 0
github.com/kierank/herald/main.go:197.32,199.5 1 0
github.com/kierank/herald/main.go:201.3,202.13 2 0
github.com/kierank/herald/main.go:205.2,205.17 1 0
github.com/kierank/herald/config/app.go:35.36,50.2 1 0
github.com/kierank/herald/config/app.go:52.53,56.49 2 0
github.com/kierank/herald/config/app.go:56.49,58.3 1 0
github.com/kierank/herald/config/app.go:60.2,60.16 1 0
github.com/kierank/herald/config/app.go:60.16,62.17 2 0
github.com/kierank/herald/config/app.go:62.17,64.4 1 0
github.com/kierank/herald/config/app.go:66.3,66.63 1 0
github.com/kierank/herald/config/app.go:66.63,68.4 1 0
github.com/kierank/herald/config/app.go:70.3,70.63 1 0
github.com/kierank/herald/config/app.go:70.63,72.4 1 0
github.com/kierank/herald/config/app.go:75.2,78.30 2 0
github.com/kierank/herald/config/app.go:78.30,80.3 1 0
github.com/kierank/herald/config/app.go:82.2,82.17 1 0
github.com/kierank/herald/config/app.go:86.44,88.22 1 0
github.com/kierank/herald/config/app.go:88.22,91.45 3 0
github.com/kierank/herald/config/app.go:91.45,93.4 1 0
github.com/kierank/herald/config/app.go:97.2,97.43 1 0
github.com/kierank/herald/config/app.go:97.43,99.3 1 0
github.com/kierank/herald/config/app.go:101.2,101.11 1 0
github.com/kierank/herald/config/app.go:104.40,105.44 1 0
github.com/kierank/herald/config/app.go:105.44,107.3 1 0
github.com/kierank/herald/config/app.go:108.2,108.48 1 0
github.com/kierank/herald/config/app.go:108.48,109.47 1 0
github.com/kierank/herald/config/app.go:109.47,111.4 1 0
github.com/kierank/herald/config/app.go:113.2,113.57 1 0
github.com/kierank/herald/config/app.go:113.57,114.47 1 0
github.com/kierank/herald/config/app.go:114.47,116.4 1 0
github.com/kierank/herald/config/app.go:118.2,118.49 1 0
github.com/kierank/herald/config/app.go:118.49,119.47 1 0
github.com/kierank/herald/config/app.go:119.47,121.4 1 0
github.com/kierank/herald/config/app.go:123.2,123.53 1 0
github.com/kierank/herald/config/app.go:123.53,125.3 1 0
github.com/kierank/herald/config/app.go:126.2,126.47 1 0
github.com/kierank/herald/config/app.go:126.47,128.3 1 0
github.com/kierank/herald/config/app.go:129.2,129.49 1 0
github.com/kierank/herald/config/app.go:129.49,131.3 1 0
github.com/kierank/herald/config/app.go:132.2,132.49 1 0
github.com/kierank/herald/config/app.go:132.49,133.47 1 0
github.com/kierank/herald/config/app.go:133.47,135.4 1 0
github.com/kierank/herald/config/app.go:137.2,137.49 1 0
github.com/kierank/herald/config/app.go:137.49,139.3 1 0
github.com/kierank/herald/config/app.go:140.2,140.49 1 0
github.com/kierank/herald/config/app.go:140.49,142.3 1 0
github.com/kierank/herald/config/app.go:143.2,143.49 1 0
github.com/kierank/herald/config/app.go:143.49,145.3 1 0
github.com/kierank/herald/config/app.go:146.2,146.54 1 0
github.com/kierank/herald/config/app.go:146.54,148.3 1 0
github.com/kierank/herald/config/app.go:149.2,149.46 1 0
github.com/kierank/herald/config/app.go:149.46,151.3 1 0
github.com/kierank/herald/config/parse.go:24.48,32.29 3 19
github.com/kierank/herald/config/parse.go:32.29,34.49 2 42
github.com/kierank/herald/config/parse.go:34.49,35.12 1 14
github.com/kierank/herald/config/parse.go:38.3,38.36 1 28
github.com/kierank/herald/config/parse.go:38.36,39.52 1 21
github.com/kierank/herald/config/parse.go:39.52,41.5 1 0
github.com/kierank/herald/config/parse.go:42.9,42.43 1 7
github.com/kierank/herald/config/parse.go:42.43,43.47 1 7
github.com/kierank/herald/config/parse.go:43.47,45.5 1 0
github.com/kierank/herald/config/parse.go:49.2,49.17 1 19
github.com/kierank/herald/config/parse.go:52.59,57.20 4 21
github.com/kierank/herald/config/parse.go:57.20,59.3 1 0
github.com/kierank/herald/config/parse.go:61.2,64.13 3 21
github.com/kierank/herald/config/parse.go:65.15,66.20 1 4
github.com/kierank/herald/config/parse.go:67.14,68.23 1 3
github.com/kierank/herald/config/parse.go:69.16,70.38 1 7
github.com/kierank/herald/config/parse.go:71.16,72.39 1 7
github.com/kierank/herald/config/parse.go:75.2,75.12 1 21
github.com/kierank/herald/config/parse.go:78.54,80.20 2 7
github.com/kierank/herald/config/parse.go:80.20,82.3 1 0
github.com/kierank/herald/config/parse.go:84.2,90.12 3 7
github.com/kierank/herald/config/parse.go:93.48,95.16 2 22
github.com/kierank/herald/config/parse.go:95.16,97.3 1 6
github.com/kierank/herald/config/parse.go:98.2,98.10 1 16
github.com/kierank/herald/config/validate.go:25.40,26.21 1 27
github.com/kierank/herald/config/validate.go:26.21,28.3 1 1
github.com/kierank/herald/config/validate.go:29.2,29.56 1 26
github.com/kierank/herald/config/validate.go:29.56,31.3 1 1
github.com/kierank/herald/config/validate.go:33.2,33.24 1 25
github.com/kierank/herald/config/validate.go:33.24,35.3 1 1
github.com/kierank/herald/config/validate.go:36.2,37.33 2 24
github.com/kierank/herald/config/validate.go:37.33,39.3 1 4
github.com/kierank/herald/config/validate.go:41.2,41.25 1 20
github.com/kierank/herald/config/validate.go:41.25,43.3 1 1
github.com/kierank/herald/config/validate.go:45.2,45.33 1 19
github.com/kierank/herald/config/validate.go:45.33,47.51 2 22
github.com/kierank/herald/config/validate.go:47.51,49.4 1 3
github.com/kierank/herald/config/validate.go:52.2,52.12 1 16
github.com/kierank/herald/config/validate.go:56.69,65.33 5 0
github.com/kierank/herald/config/validate.go:65.33,67.17 2 0
github.com/kierank/herald/config/validate.go:67.17,69.4 1 0
github.com/kierank/herald/config/validate.go:71.3,74.17 3 0
github.com/kierank/herald/config/validate.go:74.17,76.4 1 0
github.com/kierank/herald/config/validate.go:78.3,78.39 1 0
github.com/kierank/herald/config/validate.go:78.39,81.4 2 0
github.com/kierank/herald/config/validate.go:83.3,85.17 3 0
github.com/kierank/herald/config/validate.go:85.17,87.4 1 0
github.com/kierank/herald/config/validate.go:90.2,90.12 1 0
github.com/kierank/herald/ratelimit/limiter.go:21.43,31.2 3 5
github.com/kierank/herald/ratelimit/limiter.go:34.42,39.13 4 12
github.com/kierank/herald/ratelimit/limiter.go:39.13,42.3 2 6
github.com/kierank/herald/ratelimit/limiter.go:44.2,45.24 2 12
github.com/kierank/herald/ratelimit/limiter.go:49.33,53.21 3 5
github.com/kierank/herald/ratelimit/limiter.go:53.21,56.41 3 0
github.com/kierank/herald/ratelimit/limiter.go:56.41,57.31 1 0
github.com/kierank/herald/ratelimit/limiter.go:57.31,60.5 2 0
github.com/kierank/herald/ratelimit/limiter.go:62.3,62.16 1 0
github.com/kierank/herald/store/configs.go:26.170,32.16 2 12
github.com/kierank/herald/store/configs.go:32.16,34.3 1 0
github.com/kierank/herald/store/configs.go:36.2,37.16 2 12
github.com/kierank/herald/store/configs.go:37.16,39.3 1 0
github.com/kierank/herald/store/configs.go:41.2,52.8 1 12
github.com/kierank/herald/store/configs.go:55.184,61.16 2 0
github.com/kierank/herald/store/configs.go:61.16,63.3 1 0
github.com/kierank/herald/store/configs.go:65.2,66.16 2 0
github.com/kierank/herald/store/configs.go:66.16,68.3 1 0
github.com/kierank/herald/store/configs.go:70.2,81.8 1 0
github.com/kierank/herald/store/configs.go:84.100,89.16 2 0
github.com/kierank/herald/store/configs.go:89.16,91.3 1 0
github.com/kierank/herald/store/configs.go:93.2,94.16 2 0
github.com/kierank/herald/store/configs.go:94.16,96.3 1 0
github.com/kierank/herald/store/configs.go:97.2,97.12 1 0
github.com/kierank/herald/store/configs.go:97.12,99.3 1 0
github.com/kierank/herald/store/configs.go:100.2,100.12 1 0
github.com/kierank/herald/store/configs.go:103.94,106.16 3 2
github.com/kierank/herald/store/configs.go:106.16,108.3 1 1
github.com/kierank/herald/store/configs.go:109.2,109.18 1 1
github.com/kierank/herald/store/configs.go:112.77,119.16 3 1
github.com/kierank/herald/store/configs.go:119.16,121.3 1 0
github.com/kierank/herald/store/configs.go:122.2,122.18 1 1
github.com/kierank/herald/store/configs.go:125.81,131.16 2 1
github.com/kierank/herald/store/configs.go:131.16,133.3 1 0
github.com/kierank/herald/store/configs.go:134.2,137.18 3 1
github.com/kierank/herald/store/configs.go:137.18,139.190 2 2
github.com/kierank/herald/store/configs.go:139.190,141.4 1 0
github.com/kierank/herald/store/configs.go:142.3,142.34 1 2
github.com/kierank/herald/store/configs.go:144.2,144.28 1 1
github.com/kierank/herald/store/configs.go:147.86,152.16 2 1
github.com/kierank/herald/store/configs.go:152.16,154.3 1 0
github.com/kierank/herald/store/configs.go:156.2,157.16 2 1
github.com/kierank/herald/store/configs.go:157.16,159.3 1 0
github.com/kierank/herald/store/configs.go:160.2,160.12 1 1
github.com/kierank/herald/store/configs.go:160.12,162.3 1 0
github.com/kierank/herald/store/configs.go:163.2,163.12 1 1
github.com/kierank/herald/store/configs.go:166.100,168.16 2 0
github.com/kierank/herald/store/configs.go:168.16,170.3 1 0
github.com/kierank/herald/store/configs.go:171.2,171.12 1 0
github.com/kierank/herald/store/configs.go:174.84,180.16 2 0
github.com/kierank/herald/store/configs.go:180.16,182.3 1 0
github.com/kierank/herald/store/configs.go:183.2,186.18 3 0
github.com/kierank/herald/store/configs.go:186.18,188.190 2 0
github.com/kierank/herald/store/configs.go:188.190,190.4 1 0
github.com/kierank/herald/store/configs.go:191.3,191.34 1 0
github.com/kierank/herald/store/configs.go:193.2,193.28 1 0
github.com/kierank/herald/store/configs.go:196.75,201.16 2 0
github.com/kierank/herald/store/configs.go:201.16,203.3 1 0
github.com/kierank/herald/store/configs.go:204.2,204.12 1 0
github.com/kierank/herald/store/configs.go:207.100,209.16 2 0
github.com/kierank/herald/store/configs.go:209.16,211.3 1 0
github.com/kierank/herald/store/configs.go:212.2,212.41 1 0
github.com/kierank/herald/store/configs.go:215.88,217.16 2 0
github.com/kierank/herald/store/configs.go:217.16,219.3 1 0
github.com/kierank/herald/store/configs.go:221.2,222.16 2 0
github.com/kierank/herald/store/configs.go:222.16,224.3 1 0
github.com/kierank/herald/store/configs.go:226.2,231.16 2 0
github.com/kierank/herald/store/configs.go:231.16,233.3 1 0
github.com/kierank/herald/store/configs.go:234.2,234.12 1 0
github.com/kierank/herald/store/db.go:26.37,28.16 2 17
github.com/kierank/herald/store/db.go:28.16,30.3 1 0
github.com/kierank/herald/store/db.go:33.2,36.34 3 17
github.com/kierank/herald/store/db.go:36.34,38.3 1 0
github.com/kierank/herald/store/db.go:40.2,41.40 2 17
github.com/kierank/herald/store/db.go:41.40,43.3 1 0
github.com/kierank/herald/store/db.go:45.2,45.50 1 17
github.com/kierank/herald/store/db.go:45.50,47.3 1 0
github.com/kierank/herald/store/db.go:49.2,49.19 1 17
github.com/kierank/herald/store/db.go:52.31,122.2 3 17
github.com/kierank/herald/store/db.go:124.29,125.21 1 17
github.com/kierank/herald/store/db.go:125.21,133.3 7 17
github.com/kierank/herald/store/db.go:134.2,134.22 1 17
github.com/kierank/herald/store/db.go:137.41,145.16 4 17
github.com/kierank/herald/store/db.go:145.16,147.3 1 0
github.com/kierank/herald/store/db.go:149.2,151.16 2 17
github.com/kierank/herald/store/db.go:151.16,153.3 1 0
github.com/kierank/herald/store/db.go:155.2,158.16 2 17
github.com/kierank/herald/store/db.go:158.16,160.3 1 0
github.com/kierank/herald/store/db.go:162.2,165.16 2 17
github.com/kierank/herald/store/db.go:165.16,167.3 1 0
github.com/kierank/herald/store/db.go:169.2,171.16 2 17
github.com/kierank/herald/store/db.go:171.16,173.3 1 0
github.com/kierank/herald/store/db.go:175.2,177.16 2 17
github.com/kierank/herald/store/db.go:177.16,179.3 1 0
github.com/kierank/herald/store/db.go:181.2,183.16 2 17
github.com/kierank/herald/store/db.go:183.16,185.3 1 0
github.com/kierank/herald/store/db.go:187.2,187.12 1 17
github.com/kierank/herald/store/db.go:190.31,192.2 1 0
github.com/kierank/herald/store/db.go:194.61,196.2 1 0
github.com/kierank/herald/store/feeds.go:20.96,22.16 2 7
github.com/kierank/herald/store/feeds.go:22.16,24.3 1 3
github.com/kierank/herald/store/feeds.go:26.2,30.16 2 7
github.com/kierank/herald/store/feeds.go:30.16,32.3 1 0
github.com/kierank/herald/store/feeds.go:34.2,35.16 2 7
github.com/kierank/herald/store/feeds.go:35.16,37.3 1 0
github.com/kierank/herald/store/feeds.go:39.2,44.8 1 7
github.com/kierank/herald/store/feeds.go:47.110,49.16 2 0
github.com/kierank/herald/store/feeds.go:49.16,51.3 1 0
github.com/kierank/herald/store/feeds.go:53.2,57.16 2 0
github.com/kierank/herald/store/feeds.go:57.16,59.3 1 0
github.com/kierank/herald/store/feeds.go:61.2,62.16 2 0
github.com/kierank/herald/store/feeds.go:62.16,64.3 1 0
github.com/kierank/herald/store/feeds.go:66.2,71.8 1 0
github.com/kierank/herald/store/feeds.go:74.86,80.16 2 1
github.com/kierank/herald/store/feeds.go:80.16,82.3 1 0
github.com/kierank/herald/store/feeds.go:83.2,86.18 3 1
github.com/kierank/herald/store/feeds.go:86.18,88.114 2 2
github.com/kierank/herald/store/feeds.go:88.114,90.4 1 0
github.com/kierank/herald/store/feeds.go:91.3,91.28 1 2
github.com/kierank/herald/store/feeds.go:93.2,93.26 1 1
github.com/kierank/herald/store/feeds.go:97.100,98.25 1 0
github.com/kierank/herald/store/feeds.go:98.25,100.3 1 0
github.com/kierank/herald/store/feeds.go:103.2,105.40 3 0
github.com/kierank/herald/store/feeds.go:105.40,107.3 1 0
github.com/kierank/herald/store/feeds.go:108.2,108.31 1 0
github.com/kierank/herald/store/feeds.go:108.31,110.3 1 0
github.com/kierank/herald/store/feeds.go:112.2,119.16 3 0
github.com/kierank/herald/store/feeds.go:119.16,121.3 1 0
github.com/kierank/herald/store/feeds.go:122.2,125.18 3 0
github.com/kierank/herald/store/feeds.go:125.18,127.114 2 0
github.com/kierank/herald/store/feeds.go:127.114,129.4 1 0
github.com/kierank/herald/store/feeds.go:130.3,130.56 1 0
github.com/kierank/herald/store/feeds.go:133.2,133.28 1 0
github.com/kierank/herald/store/feeds.go:136.101,138.16 2 0
github.com/kierank/herald/store/feeds.go:138.16,140.3 1 0
github.com/kierank/herald/store/feeds.go:141.2,141.24 1 0
github.com/kierank/herald/store/feeds.go:141.24,143.3 1 0
github.com/kierank/herald/store/feeds.go:145.2,146.16 2 0
github.com/kierank/herald/store/feeds.go:146.16,148.3 1 0
github.com/kierank/herald/store/feeds.go:149.2,149.12 1 0
github.com/kierank/herald/store/feeds.go:152.78,157.16 2 0
github.com/kierank/herald/store/feeds.go:157.16,159.3 1 0
github.com/kierank/herald/store/feeds.go:160.2,160.12 1 0
github.com/kierank/herald/store/items.go:20.95,22.17 2 4
github.com/kierank/herald/store/items.go:22.17,24.3 1 4
github.com/kierank/herald/store/items.go:25.2,25.16 1 4
github.com/kierank/herald/store/items.go:25.16,27.3 1 4
github.com/kierank/herald/store/items.go:29.2,30.16 2 4
github.com/kierank/herald/store/items.go:30.16,32.3 1 0
github.com/kierank/herald/store/items.go:33.2,33.12 1 4
github.com/kierank/herald/store/items.go:36.88,39.16 3 2
github.com/kierank/herald/store/items.go:39.16,40.36 1 1
github.com/kierank/herald/store/items.go:40.36,42.4 1 1
github.com/kierank/herald/store/items.go:43.3,43.55 1 0
github.com/kierank/herald/store/items.go:45.2,45.18 1 1
github.com/kierank/herald/store/items.go:48.109,50.17 2 0
github.com/kierank/herald/store/items.go:50.17,52.3 1 0
github.com/kierank/herald/store/items.go:53.2,53.16 1 0
github.com/kierank/herald/store/items.go:53.16,55.3 1 0
github.com/kierank/herald/store/items.go:57.2,62.16 2 0
github.com/kierank/herald/store/items.go:62.16,64.3 1 0
github.com/kierank/herald/store/items.go:65.2,65.12 1 0
github.com/kierank/herald/store/items.go:68.95,70.16 2 0
github.com/kierank/herald/store/items.go:70.16,72.3 1 0
github.com/kierank/herald/store/items.go:73.2,76.18 3 0
github.com/kierank/herald/store/items.go:76.18,78.110 2 0
github.com/kierank/herald/store/items.go:78.110,80.4 1 0
github.com/kierank/herald/store/items.go:81.3,81.31 1 0
github.com/kierank/herald/store/items.go:83.2,83.26 1 0
github.com/kierank/herald/store/items.go:87.104,88.21 1 1
github.com/kierank/herald/store/items.go:88.21,90.3 1 0
github.com/kierank/herald/store/items.go:93.2,97.36 4 1
github.com/kierank/herald/store/items.go:97.36,99.3 1 2
github.com/kierank/herald/store/items.go:100.2,100.29 1 1
github.com/kierank/herald/store/items.go:100.29,102.3 1 3
github.com/kierank/herald/store/items.go:104.2,110.16 3 1
github.com/kierank/herald/store/items.go:110.16,112.3 1 0
github.com/kierank/herald/store/items.go:113.2,116.18 3 1
github.com/kierank/herald/store/items.go:116.18,118.42 2 2
github.com/kierank/herald/store/items.go:118.42,120.4 1 0
github.com/kierank/herald/store/items.go:121.3,121.23 1 2
github.com/kierank/herald/store/items.go:124.2,124.28 1 1
github.com/kierank/herald/store/items.go:128.96,131.16 3 1
github.com/kierank/herald/store/items.go:131.16,133.3 1 0
github.com/kierank/herald/store/items.go:135.2,136.16 2 1
github.com/kierank/herald/store/items.go:136.16,138.3 1 0
github.com/kierank/herald/store/items.go:140.2,140.21 1 1
github.com/kierank/herald/store/logs.go:17.88,22.16 2 0
github.com/kierank/herald/store/logs.go:22.16,24.3 1 0
github.com/kierank/herald/store/logs.go:25.2,25.12 1 0
github.com/kierank/herald/store/logs.go:28.87,34.16 2 0
github.com/kierank/herald/store/logs.go:34.16,36.3 1 0
github.com/kierank/herald/store/logs.go:37.2,40.18 3 0
github.com/kierank/herald/store/logs.go:40.18,42.101 2 0
github.com/kierank/herald/store/logs.go:42.101,44.4 1 0
github.com/kierank/herald/store/logs.go:45.3,45.28 1 0
github.com/kierank/herald/store/logs.go:47.2,47.25 1 0
github.com/kierank/herald/store/logs.go:50.91,59.16 2 0
github.com/kierank/herald/store/logs.go:59.16,61.3 1 0
github.com/kierank/herald/store/logs.go:62.2,65.18 3 0
github.com/kierank/herald/store/logs.go:65.18,67.101 2 0
github.com/kierank/herald/store/logs.go:67.101,69.4 1 0
github.com/kierank/herald/store/logs.go:70.3,70.28 1 0
github.com/kierank/herald/store/logs.go:72.2,72.25 1 0
github.com/kierank/herald/store/unsubscribe.go:11.91,14.49 2 0
github.com/kierank/herald/store/unsubscribe.go:14.49,16.3 1 0
github.com/kierank/herald/store/unsubscribe.go:17.2,23.16 3 0
github.com/kierank/herald/store/unsubscribe.go:23.16,25.3 1 0
github.com/kierank/herald/store/unsubscribe.go:27.2,27.19 1 0
github.com/kierank/herald/store/unsubscribe.go:30.84,36.16 3 0
github.com/kierank/herald/store/unsubscribe.go:36.16,38.3 1 0
github.com/kierank/herald/store/unsubscribe.go:40.2,40.40 1 0
github.com/kierank/herald/store/unsubscribe.go:43.68,49.2 2 0
github.com/kierank/herald/store/unsubscribe.go:51.96,59.16 3 0
github.com/kierank/herald/store/unsubscribe.go:59.16,61.3 1 0
github.com/kierank/herald/store/unsubscribe.go:63.2,63.26 1 0
github.com/kierank/herald/store/unsubscribe.go:63.26,65.3 1 0
github.com/kierank/herald/store/unsubscribe.go:68.2,68.49 1 0
github.com/kierank/herald/store/users.go:18.92,20.16 2 16
github.com/kierank/herald/store/users.go:20.16,22.3 1 1
github.com/kierank/herald/store/users.go:23.2,23.36 1 15
github.com/kierank/herald/store/users.go:23.36,25.3 1 0
github.com/kierank/herald/store/users.go:27.2,31.16 2 15
github.com/kierank/herald/store/users.go:31.16,33.3 1 0
github.com/kierank/herald/store/users.go:35.2,36.16 2 15
github.com/kierank/herald/store/users.go:36.16,38.3 1 0
github.com/kierank/herald/store/users.go:40.2,45.8 1 15
github.com/kierank/herald/store/users.go:48.83,54.16 3 18
github.com/kierank/herald/store/users.go:54.16,56.3 1 16
github.com/kierank/herald/store/users.go:57.2,57.19 1 2
github.com/kierank/herald/store/users.go:60.77,66.16 3 2
github.com/kierank/herald/store/users.go:66.16,68.3 1 1
github.com/kierank/herald/store/users.go:69.2,69.19 1 1
github.com/kierank/herald/store/users.go:72.67,75.2 2 1
